<?xml version="1.0" encoding="UTF-8"?>
<testsuite xmlns:xsi="http://www.w3.org/2001/XMLSchema-instance" xsi:noNamespaceSchemaLocation="https://maven.apache.org/surefire/maven-surefire-plugin/xsd/surefire-test-report-3.0.xsd" version="3.0" name="com.libreria.BookServiceTest" time="10.402" tests="4" errors="0" skipped="0" failures="0">
  <properties>
[...]
</properties>
  <testcase name="userStory1_simpleSearch" classname="com.libreria.BookServiceTest" time="1.146">
    <system-out><![CDATA[16:06:26.820 [main] INFO org.springframework.test.context.support.AnnotationConfigContextLoaderUtils -- Could not detect default configuration classes for test class [com.libreria.BookServiceTest]: BookServiceTest does not declare any static, non-private, non-final, nested classes annotated with @Configuration.
16:06:27.007 [main] INFO org.springframework.boot.test.context.SpringBootTestContextBootstrapper -- Found @SpringBootConfiguration com.libreria.LibreriaApplication for test class com.libreria.BookServiceTest

  .   ____          _            __ _ _
 /\\ / ___'_ __ _ _(_)_ __  __ _ \ \ \ \
( ( )\___ | '_ | '_| | '_ \/ _` | \ \ \ \
 \\/  ___)| |_)| | | | | || (_| |  ) ) ) )
  '  |____| .__|_| |_|_| |_\__, | / / / /
 =========|_|==============|___/=/_/_/_/
 :: Spring Boot ::                (v3.2.3)

2026-09-21T16:06:27.925-05:00  INFO 8383 --- [libreria-software-ii] [           main] com.libreria.BookServiceTest             : Starting BookServiceTest using Java 21.0.12 with PID 8383 (started by shant in /home/shant/Documents/6_semestre/LibreriaSoftwareII)
2026-09-21T16:06:27.927-05:00  INFO 8383 --- [libreria-software-ii] [           main] com.libreria.BookServiceTest             : No active profile set, falling back to 1 default profile: "default"
2026-09-21T16:06:29.096-05:00  INFO 8383 --- [libreria-software-ii] [           main] .s.d.r.c.RepositoryConfigurationDelegate : Bootstrapping Spring Data JPA repositories in DEFAULT mode.
2026-09-21T16:06:29.235-05:00  INFO 8383 --- [libreria-software-ii] [           main] .s.d.r.c.RepositoryConfigurationDelegate : Finished Spring Data repository scanning in 123 ms. Found 1 JPA repository interface.
2026-09-21T16:06:29.984-05:00  INFO 8383 --- [libreria-software-ii] [           main] o.hibernate.jpa.internal.util.LogHelper  : HHH000204: Processing PersistenceUnitInfo [name: default]
2026-09-21T16:06:30.086-05:00  INFO 8383 --- [libreria-software-ii] [           main] org.hibernate.Version                    : HHH000412: Hibernate ORM core version 6.4.4.Final
2026-09-21T16:06:30.156-05:00  INFO 8383 --- [libreria-software-ii] [           main] o.h.c.internal.RegionFactoryInitiator    : HHH000026: Second-level cache disabled
2026-09-21T16:06:30.613-05:00  INFO 8383 --- [libreria-software-ii] [           main] o.s.o.j.p.SpringPersistenceUnitInfo      : No LoadTimeWeaver setup: ignoring JPA class transformer
2026-09-21T16:06:30.664-05:00  INFO 8383 --- [libreria-software-ii] [           main] com.zaxxer.hikari.HikariDataSource       : HikariPool-1 - Starting...
2026-09-21T16:06:31.106-05:00  INFO 8383 --- [libreria-software-ii] [           main] com.zaxxer.hikari.pool.HikariPool        : HikariPool-1 - Added connection conn0: url=jdbc:h2:mem:libreriadb user=SA
2026-09-21T16:06:31.109-05:00  INFO 8383 --- [libreria-software-ii] [           main] com.zaxxer.hikari.HikariDataSource       : HikariPool-1 - Start completed.
2026-09-21T16:06:31.157-05:00  WARN 8383 --- [libreria-software-ii] [           main] org.hibernate.orm.deprecation            : HHH90000025: H2Dialect does not need to be specified explicitly using 'hibernate.dialect' (remove the property setting and it will be selected by default)
2026-09-21T16:06:32.983-05:00  INFO 8383 --- [libreria-software-ii] [           main] o.h.e.t.j.p.i.JtaPlatformInitiator       : HHH000489: No JTA platform available (set 'hibernate.transaction.jta.platform' to enable JTA platform integration)
Hibernate: 
    create table book_ratings (
        book_isbn varchar(50) not null,
        created_at timestamp(6) not null,
        score integer not null,
        user_id varchar(255) not null
    )
Hibernate: 
    create table books (
        id varchar(50) not null,
        description varchar(1000),
        name varchar(255) not null,
        price float(53) not null,
        product_type varchar(255) not null check (product_type in ('BOOK','ELECTRONICS','JEWELRY','OTHER')),
        author varchar(255) not null,
        genre varchar(255),
        isbn varchar(255) not null,
        title varchar(255) not null,
        primary key (id)
    )
Hibernate: 
    create table reviews (
        id bigint generated by default as identity,
        comment varchar(2000) not null,
        created_at timestamp(6) not null,
        rating_score integer not null,
        review_title varchar(255) not null,
        reviewer_name varchar(255) not null,
        status varchar(255) not null check (status in ('DRAFT','SUBMITTED')),
        book_isbn varchar(50),
        primary key (id)
    )
Hibernate: 
    alter table if exists books 
       drop constraint if exists UK_kibbepcitr0a3cpk3rfr7nihn
Hibernate: 
    alter table if exists books 
       add constraint UK_kibbepcitr0a3cpk3rfr7nihn unique (isbn)
Hibernate: 
    alter table if exists book_ratings 
       add constraint FKq7fp54pjo9gkkwkdgbwlna5un 
       foreign key (book_isbn) 
       references books
Hibernate: 
    alter table if exists reviews 
       add constraint FKob336q70263atdxi4ulih988f 
       foreign key (book_isbn) 
       references books
2026-09-21T16:06:33.173-05:00  INFO 8383 --- [libreria-software-ii] [           main] j.LocalContainerEntityManagerFactoryBean : Initialized JPA EntityManagerFactory for persistence unit 'default'
2026-09-21T16:06:34.205-05:00  WARN 8383 --- [libreria-software-ii] [           main] JpaBaseConfiguration$JpaWebConfiguration : spring.jpa.open-in-view is enabled by default. Therefore, database queries may be performed during view rendering. Explicitly configure spring.jpa.open-in-view to disable this warning
2026-09-21T16:06:34.743-05:00  INFO 8383 --- [libreria-software-ii] [           main] o.s.b.a.h2.H2ConsoleAutoConfiguration    : H2 console available at '/h2-console'. Database available at 'jdbc:h2:mem:libreriadb'
2026-09-21T16:06:34.828-05:00  INFO 8383 --- [libreria-software-ii] [           main] com.libreria.BookServiceTest             : Started BookServiceTest in 7.579 seconds (process running for 9.468)
Hibernate: 
    select
        count(*) 
    from
        books b1_0
Hibernate: 
    select
        b1_0.id,
        b1_0.author,
        b1_0.description,
        b1_0.genre,
        b1_0.isbn,
        b1_0.name,
        b1_0.price,
        b1_0.product_type,
        b1_0.title,
        r1_0.book_isbn,
        r1_0.created_at,
        r1_0.score,
        r1_0.user_id 
    from
        books b1_0 
    left join
        book_ratings r1_0 
            on b1_0.id=r1_0.book_isbn 
    where
        b1_0.id=?
Hibernate: 
    insert 
    into
        books
        (author, description, genre, isbn, name, price, product_type, title, id) 
    values
        (?, ?, ?, ?, ?, ?, ?, ?, ?)
Hibernate: 
    select
        b1_0.id,
        b1_0.author,
        b1_0.description,
        b1_0.genre,
        b1_0.isbn,
        b1_0.name,
        b1_0.price,
        b1_0.product_type,
        b1_0.title,
        r1_0.book_isbn,
        r1_0.created_at,
        r1_0.score,
        r1_0.user_id 
    from
        books b1_0 
    left join
        book_ratings r1_0 
            on b1_0.id=r1_0.book_isbn 
    where
        b1_0.id=?
Hibernate: 
    insert 
    into
        books
        (author, description, genre, isbn, name, price, product_type, title, id) 
    values
        (?, ?, ?, ?, ?, ?, ?, ?, ?)
Hibernate: 
    select
        b1_0.id,
        b1_0.author,
        b1_0.description,
        b1_0.genre,
        b1_0.isbn,
        b1_0.name,
        b1_0.price,
        b1_0.product_type,
        b1_0.title,
        r1_0.book_isbn,
        r1_0.created_at,
        r1_0.score,
        r1_0.user_id 
    from
        books b1_0 
    left join
        book_ratings r1_0 
            on b1_0.id=r1_0.book_isbn 
    where
        b1_0.id=?
Hibernate: 
    insert 
    into
        books
        (author, description, genre, isbn, name, price, product_type, title, id) 
    values
        (?, ?, ?, ?, ?, ?, ?, ?, ?)
Hibernate: 
    select
        b1_0.id,
        b1_0.author,
        b1_0.description,
        b1_0.genre,
        b1_0.isbn,
        b1_0.name,
        b1_0.price,
        b1_0.product_type,
        b1_0.title,
        r1_0.book_isbn,
        r1_0.created_at,
        r1_0.score,
        r1_0.user_id 
    from
        books b1_0 
    left join
        book_ratings r1_0 
            on b1_0.id=r1_0.book_isbn 
    where
        b1_0.id=?
Hibernate: 
    insert 
    into
        books
        (author, description, genre, isbn, name, price, product_type, title, id) 
    values
        (?, ?, ?, ?, ?, ?, ?, ?, ?)
Hibernate: 
    select
        b1_0.id,
        b1_0.author,
        b1_0.description,
        b1_0.genre,
        b1_0.isbn,
        b1_0.name,
        b1_0.price,
        b1_0.product_type,
        b1_0.title,
        r1_0.book_isbn,
        r1_0.created_at,
        r1_0.score,
        r1_0.user_id 
    from
        books b1_0 
    left join
        book_ratings r1_0 
            on b1_0.id=r1_0.book_isbn 
    where
        b1_0.id=?
Hibernate: 
    insert 
    into
        books
        (author, description, genre, isbn, name, price, product_type, title, id) 
    values
        (?, ?, ?, ?, ?, ?, ?, ?, ?)
>>> Base de datos inicializada con 5 libros de ejemplo en Spring Boot.
Hibernate: 
    select
        b1_0.id,
        b1_0.author,
        b1_0.description,
        b1_0.genre,
        b1_0.isbn,
        b1_0.name,
        b1_0.price,
        b1_0.product_type,
        b1_0.title 
    from
        books b1_0 
    where
        upper(b1_0.title) like upper(?) escape '\' 
        or upper(b1_0.author) like upper(?) escape '\'
Hibernate: 
    select
        r1_0.book_isbn,
        r1_0.id,
        r1_0.comment,
        r1_0.created_at,
        r1_0.rating_score,
        r1_0.review_title,
        r1_0.reviewer_name,
        r1_0.status 
    from
        reviews r1_0 
    where
        r1_0.book_isbn=?
Hibernate: 
    select
        r1_0.book_isbn,
        r1_0.created_at,
        r1_0.score,
        r1_0.user_id 
    from
        book_ratings r1_0 
    where
        r1_0.book_isbn=?
Hibernate: 
    select
        b1_0.id,
        b1_0.author,
        b1_0.description,
        b1_0.genre,
        b1_0.isbn,
        b1_0.name,
        b1_0.price,
        b1_0.product_type,
        b1_0.title 
    from
        books b1_0 
    where
        upper(b1_0.title) like upper(?) escape '\' 
        or upper(b1_0.author) like upper(?) escape '\'
Hibernate: 
    select
        r1_0.book_isbn,
        r1_0.id,
        r1_0.comment,
        r1_0.created_at,
        r1_0.rating_score,
        r1_0.review_title,
        r1_0.reviewer_name,
        r1_0.status 
    from
        reviews r1_0 
    where
        r1_0.book_isbn=?
Hibernate: 
    select
        r1_0.book_isbn,
        r1_0.created_at,
        r1_0.score,
        r1_0.user_id 
    from
        book_ratings r1_0 
    where
        r1_0.book_isbn=?
Hibernate: 
    select
        r1_0.book_isbn,
        r1_0.id,
        r1_0.comment,
        r1_0.created_at,
        r1_0.rating_score,
        r1_0.review_title,
        r1_0.reviewer_name,
        r1_0.status 
    from
        reviews r1_0 
    where
        r1_0.book_isbn=?
Hibernate: 
    select
        r1_0.book_isbn,
        r1_0.created_at,
        r1_0.score,
        r1_0.user_id 
    from
        book_ratings r1_0 
    where
        r1_0.book_isbn=?
]]></system-out>
    <system-err><![CDATA[WARNING: A Java agent has been loaded dynamically (/home/shant/.m2/repository/net/bytebuddy/byte-buddy-agent/1.14.12/byte-buddy-agent-1.14.12.jar)
WARNING: If a serviceability tool is in use, please run with -XX:+EnableDynamicAgentLoading to hide this warning
WARNING: If a serviceability tool is not in use, please run with -Djdk.instrument.traceUsage for more information
WARNING: Dynamic loading of agents will be disallowed by default in a future release
]]></system-err>
  </testcase>
  <testcase name="userStory4_writePreviewAndSubmitReview" classname="com.libreria.BookServiceTest" time="0.056">
    <system-out><![CDATA[Hibernate: 
    select
        b1_0.id,
        b1_0.author,
        b1_0.description,
        b1_0.genre,
        b1_0.isbn,
        b1_0.name,
        b1_0.price,
        b1_0.product_type,
        b1_0.title 
    from
        books b1_0 
    where
        b1_0.isbn=?
Hibernate: 
    select
        r1_0.book_isbn,
        r1_0.id,
        r1_0.comment,
        r1_0.created_at,
        r1_0.rating_score,
        r1_0.review_title,
        r1_0.reviewer_name,
        r1_0.status 
    from
        reviews r1_0 
    where
        r1_0.book_isbn=?
Hibernate: 
    select
        r1_0.book_isbn,
        r1_0.created_at,
        r1_0.score,
        r1_0.user_id 
    from
        book_ratings r1_0 
    where
        r1_0.book_isbn=?
Hibernate: 
    select
        b1_0.id,
        b1_0.author,
        b1_0.description,
        b1_0.genre,
        b1_0.isbn,
        b1_0.name,
        b1_0.price,
        b1_0.product_type,
        b1_0.title 
    from
        books b1_0 
    where
        b1_0.isbn=?
Hibernate: 
    insert 
    into
        reviews
        (book_isbn, comment, created_at, rating_score, review_title, reviewer_name, status, id) 
    values
        (?, ?, ?, ?, ?, ?, ?, default)
Hibernate: 
    select
        b1_0.id,
        b1_0.author,
        b1_0.description,
        b1_0.genre,
        b1_0.isbn,
        b1_0.name,
        b1_0.price,
        b1_0.product_type,
        b1_0.title 
    from
        books b1_0 
    where
        b1_0.isbn=?
]]></system-out>
  </testcase>
  <testcase name="userStory3_rateBook" classname="com.libreria.BookServiceTest" time="0.037">
    <system-out><![CDATA[Hibernate: 
    select
        b1_0.id,
        b1_0.author,
        b1_0.description,
        b1_0.genre,
        b1_0.isbn,
        b1_0.name,
        b1_0.price,
        b1_0.product_type,
        b1_0.title 
    from
        books b1_0 
    where
        b1_0.isbn=?
Hibernate: 
    select
        r1_0.book_isbn,
        r1_0.id,
        r1_0.comment,
        r1_0.created_at,
        r1_0.rating_score,
        r1_0.review_title,
        r1_0.reviewer_name,
        r1_0.status 
    from
        reviews r1_0 
    where
        r1_0.book_isbn=?
Hibernate: 
    select
        r1_0.book_isbn,
        r1_0.created_at,
        r1_0.score,
        r1_0.user_id 
    from
        book_ratings r1_0 
    where
        r1_0.book_isbn=?
Hibernate: 
    select
        b1_0.id,
        b1_0.author,
        b1_0.description,
        b1_0.genre,
        b1_0.isbn,
        b1_0.name,
        b1_0.price,
        b1_0.product_type,
        b1_0.title 
    from
        books b1_0 
    where
        b1_0.isbn=?
Hibernate: 
    select
        b1_0.id,
        b1_0.author,
        b1_0.description,
        b1_0.genre,
        b1_0.isbn,
        b1_0.name,
        b1_0.price,
        b1_0.product_type,
        b1_0.title 
    from
        books b1_0 
    where
        b1_0.isbn=?
Hibernate: 
    select
        b1_0.id,
        b1_0.author,
        b1_0.description,
        b1_0.genre,
        b1_0.isbn,
        b1_0.name,
        b1_0.price,
        b1_0.product_type,
        b1_0.title 
    from
        books b1_0 
    where
        b1_0.isbn=?
Hibernate: 
    select
        b1_0.id,
        b1_0.author,
        b1_0.description,
        b1_0.genre,
        b1_0.isbn,
        b1_0.name,
        b1_0.price,
        b1_0.product_type,
        b1_0.title 
    from
        books b1_0 
    where
        b1_0.isbn=?
]]></system-out>
  </testcase>
  <testcase name="userStory2_advancedSearch" classname="com.libreria.BookServiceTest" time="0.026">
    <system-out><![CDATA[Hibernate: 
    select
        b1_0.id,
        b1_0.author,
        b1_0.description,
        b1_0.genre,
        b1_0.isbn,
        b1_0.name,
        b1_0.price,
        b1_0.product_type,
        b1_0.title 
    from
        books b1_0 
    where
        lower(b1_0.author) like ? escape '' 
        and lower(b1_0.title) like ? escape '' 
        and (
            lower(b1_0.isbn) like ? escape '' 
            or lower(replace(b1_0.isbn, '-', '')) like ? escape ''
        )
Hibernate: 
    select
        r1_0.book_isbn,
        r1_0.id,
        r1_0.comment,
        r1_0.created_at,
        r1_0.rating_score,
        r1_0.review_title,
        r1_0.reviewer_name,
        r1_0.status 
    from
        reviews r1_0 
    where
        r1_0.book_isbn=?
Hibernate: 
    select
        r1_0.book_isbn,
        r1_0.created_at,
        r1_0.score,
        r1_0.user_id 
    from
        book_ratings r1_0 
    where
        r1_0.book_isbn=?
]]></system-out>
  </testcase>
</testsuite>